 * Serving Flask app 'flask_site.py'
 * Debug mode: on
WARNING: This is a development server. Do not use it in a production deployment. Use a production WSGI server instead.
 * Running on all addresses (0.0.0.0)
 * Running on http://127.0.0.1:4500
 * Running on http://192.168.3.83:4500
Press CTRL+C to quit
 * Restarting with stat
 * Debugger is active!
 * Debugger PIN: 105-448-901
State: TC
{'min_lat': None, 'max_lat': None, 'min_lon': None, 'max_lon': None}
127.0.0.1 - - [23/Sep/2024 11:34:53] "POST /web/state-search HTTP/1.1" 302 -
127.0.0.1 - - [23/Sep/2024 11:34:53] "GET /web/state-search HTTP/1.1" 200 -
State: TX
Determine state bounds: 32 TX
Determine state bounds: 94 TX
Determine state bounds: 97 TX
Determine state bounds: 98 TX
Determine state bounds: 118 TX
Determine state bounds: 265 TX
Determine state bounds: 294 TX
Determine state bounds: 418 TX
Determine state bounds: 419 TX
Determine state bounds: 424 TX
Determine state bounds: 434 TX
Determine state bounds: 449 TX
Determine state bounds: 663 TX
Determine state bounds: 702 TX
Determine state bounds: 826 TX
Determine state bounds: 827 TX
Determine state bounds: 831 TX
Determine state bounds: 832 TX
Determine state bounds: 1045 TX
Determine state bounds: 1113 TX
Determine state bounds: 1114 TX
Determine state bounds: 1115 TX
Determine state bounds: 1116 TX
Determine state bounds: 1195 TX
Determine state bounds: 1457 TX
Determine state bounds: 1595 TX
Determine state bounds: 1634 TX
Determine state bounds: 1710 TX
Determine state bounds: 1711 TX
Determine state bounds: 1809 TX
Determine state bounds: 1856 TX
Determine state bounds: 1894 TX
Determine state bounds: 1901 TX
Determine state bounds: 1929 TX
Determine state bounds: 2017 TX
Determine state bounds: 2061 TX
Determine state bounds: 2088 TX
Determine state bounds: 2094 TX
Determine state bounds: 2194 TX
Determine state bounds: 2207 TX
Determine state bounds: 2380 TX
Determine state bounds: 2549 TX
Determine state bounds: 2607 TX
Determine state bounds: 2643 TX
Determine state bounds: 2644 TX
Determine state bounds: 2664 TX
Determine state bounds: 2666 TX
Determine state bounds: 2710 TX
Determine state bounds: 2711 TX
Determine state bounds: 2712 TX
Determine state bounds: 2805 TX
Determine state bounds: 2828 TX
Determine state bounds: 2829 TX
Determine state bounds: 2838 TX
Determine state bounds: 2845 TX
Determine state bounds: 2929 TX
Determine state bounds: 2978 TX
Determine state bounds: 2981 TX
Determine state bounds: 3020 TX
Determine state bounds: 3062 TX
Determine state bounds: 3100 TX
Determine state bounds: 3101 TX
Determine state bounds: 3104 TX
Determine state bounds: 3105 TX
Determine state bounds: 3106 TX
Determine state bounds: 3107 TX
Determine state bounds: 3108 TX
Determine state bounds: 3118 TX
Determine state bounds: 3126 TX
Determine state bounds: 3136 TX
Determine state bounds: 3148 TX
Determine state bounds: 3187 TX
Determine state bounds: 3189 TX
Determine state bounds: 3322 TX
Determine state bounds: 3332 TX
Determine state bounds: 3415 TX
Determine state bounds: 3526 TX
Determine state bounds: 3535 TX
Determine state bounds: 3555 TX
Determine state bounds: 3575 TX
Determine state bounds: 3618 TX
Determine state bounds: 3619 TX
Determine state bounds: 3620 TX
Determine state bounds: 3621 TX
Determine state bounds: 3649 TX
Determine state bounds: 3650 TX
Determine state bounds: 3754 TX
Determine state bounds: 3756 TX
Determine state bounds: 3773 TX
Determine state bounds: 3774 TX
Determine state bounds: 3775 TX
Determine state bounds: 3798 TX
Determine state bounds: 3827 TX
Determine state bounds: 3890 TX
Determine state bounds: 3891 TX
Determine state bounds: 3897 TX
Determine state bounds: 3902 TX
Determine state bounds: 3980 TX
Determine state bounds: 4116 TX
Determine state bounds: 4127 TX
Determine state bounds: 4128 TX
Determine state bounds: 4131 TX
Determine state bounds: 4132 TX
Determine state bounds: 4137 TX
Determine state bounds: 4147 TX
Determine state bounds: 4148 TX
Determine state bounds: 4155 TX
Determine state bounds: 4171 TX
Determine state bounds: 4172 TX
Determine state bounds: 4185 TX
Determine state bounds: 4221 TX
Determine state bounds: 4229 TX
Determine state bounds: 4230 TX
Determine state bounds: 4231 TX
Determine state bounds: 4247 TX
Determine state bounds: 4253 TX
Determine state bounds: 4289 TX
Determine state bounds: 4405 TX
Determine state bounds: 4555 TX
Determine state bounds: 4571 TX
Determine state bounds: 4582 TX
Determine state bounds: 4586 TX
Determine state bounds: 4610 TX
Determine state bounds: 4646 TX
Determine state bounds: 4680 TX
Determine state bounds: 4681 TX
Determine state bounds: 4682 TX
Determine state bounds: 4687 TX
Determine state bounds: 4688 TX
Determine state bounds: 4702 TX
Determine state bounds: 4703 TX
Determine state bounds: 4764 TX
Determine state bounds: 4801 TX
Determine state bounds: 4837 TX
Determine state bounds: 4840 TX
Determine state bounds: 4849 TX
Determine state bounds: 4902 TX
Determine state bounds: 4903 TX
Determine state bounds: 4904 TX
Determine state bounds: 4905 TX
Determine state bounds: 4930 TX
Determine state bounds: 4964 TX
Determine state bounds: 4965 TX
Determine state bounds: 4966 TX
Determine state bounds: 4990 TX
Determine state bounds: 4996 TX
Determine state bounds: 4997 TX
Determine state bounds: 5002 TX
Determine state bounds: 5020 TX
Determine state bounds: 5021 TX
Determine state bounds: 5022 TX
Determine state bounds: 5053 TX
Determine state bounds: 5054 TX
Determine state bounds: 5055 TX
Determine state bounds: 5056 TX
Determine state bounds: 5057 TX
Determine state bounds: 5058 TX
Determine state bounds: 5071 TX
Determine state bounds: 5072 TX
Determine state bounds: 5073 TX
Determine state bounds: 5074 TX
Determine state bounds: 5075 TX
Determine state bounds: 5076 TX
Determine state bounds: 5077 TX
Determine state bounds: 5078 TX
Determine state bounds: 5080 TX
Determine state bounds: 5081 TX
Determine state bounds: 5082 TX
Determine state bounds: 5083 TX
Determine state bounds: 5096 TX
Determine state bounds: 5128 TX
Determine state bounds: 5159 TX
Determine state bounds: 5160 TX
Determine state bounds: 5161 TX
Determine state bounds: 5184 TX
Determine state bounds: 5260 TX
Determine state bounds: 5270 TX
Determine state bounds: 5274 TX
Determine state bounds: 5388 TX
Determine state bounds: 5389 TX
Determine state bounds: 5451 TX
Determine state bounds: 5489 TX
Determine state bounds: 5490 TX
Determine state bounds: 5491 TX
Determine state bounds: 5492 TX
Determine state bounds: 5493 TX
Determine state bounds: 5494 TX
Determine state bounds: 5495 TX
Determine state bounds: 5496 TX
Determine state bounds: 5500 TX
Determine state bounds: 5502 TX
Determine state bounds: 5503 TX
Determine state bounds: 5504 TX
Determine state bounds: 5505 TX
Determine state bounds: 5506 TX
Determine state bounds: 5507 TX
Determine state bounds: 5535 TX
Determine state bounds: 5536 TX
Determine state bounds: 5568 TX
Determine state bounds: 5583 TX
Determine state bounds: 5584 TX
Determine state bounds: 5585 TX
Determine state bounds: 5589 TX
Determine state bounds: 5615 TX
Determine state bounds: 5633 TX
Determine state bounds: 5665 TX
Determine state bounds: 5666 TX
Determine state bounds: 5670 TX
Determine state bounds: 5705 TX
Determine state bounds: 5706 TX
Determine state bounds: 5707 TX
Determine state bounds: 5708 TX
Determine state bounds: 5709 TX
Determine state bounds: 5855 TX
Determine state bounds: 5856 TX
Determine state bounds: 5857 TX
Determine state bounds: 5880 TX
Determine state bounds: 5887 TX
Determine state bounds: 5889 TX
Determine state bounds: 5909 TX
Determine state bounds: 5917 TX
Determine state bounds: 5918 TX
Determine state bounds: 5966 TX
Determine state bounds: 6021 TX
Determine state bounds: 6044 TX
Determine state bounds: 6045 TX
Determine state bounds: 6046 TX
Determine state bounds: 6047 TX
Determine state bounds: 6048 TX
Determine state bounds: 6049 TX
Determine state bounds: 6066 TX
Determine state bounds: 6099 TX
Determine state bounds: 6100 TX
Determine state bounds: 6107 TX
Determine state bounds: 6108 TX
Determine state bounds: 6109 TX
Determine state bounds: 6139 TX
Determine state bounds: 6152 TX
Determine state bounds: 6153 TX
Determine state bounds: 6154 TX
Determine state bounds: 6155 TX
Determine state bounds: 6163 TX
Determine state bounds: 6169 TX
Determine state bounds: 6170 TX
Determine state bounds: 6171 TX
Determine state bounds: 6204 TX
Determine state bounds: 6205 TX
Determine state bounds: 6206 TX
Determine state bounds: 6207 TX
Determine state bounds: 6210 TX
Determine state bounds: 6211 TX
Determine state bounds: 6212 TX
Determine state bounds: 6213 TX
Determine state bounds: 6265 TX
Determine state bounds: 6284 TX
Determine state bounds: 6287 TX
Determine state bounds: 6304 TX
Determine state bounds: 6305 TX
Determine state bounds: 6306 TX
Determine state bounds: 6307 TX
Determine state bounds: 6308 TX
Determine state bounds: 6309 TX
Determine state bounds: 6318 TX
Determine state bounds: 6325 TX
Determine state bounds: 6326 TX
Determine state bounds: 6327 TX
Determine state bounds: 6328 TX
Determine state bounds: 6329 TX
Determine state bounds: 6330 TX
Determine state bounds: 6331 TX
Determine state bounds: 6332 TX
Determine state bounds: 6333 TX
Determine state bounds: 6334 TX
Determine state bounds: 6338 TX
Determine state bounds: 6339 TX
Determine state bounds: 6340 TX
Determine state bounds: 6341 TX
Determine state bounds: 6342 TX
Determine state bounds: 6343 TX
Determine state bounds: 6344 TX
Determine state bounds: 6345 TX
Determine state bounds: 6346 TX
Determine state bounds: 6347 TX
Determine state bounds: 6348 TX
Determine state bounds: 6349 TX
Determine state bounds: 6350 TX
Determine state bounds: 6351 TX
Determine state bounds: 6352 TX
Determine state bounds: 6353 TX
Determine state bounds: 6354 TX
Determine state bounds: 6355 TX
Determine state bounds: 6356 TX
Determine state bounds: 6357 TX
Determine state bounds: 6361 TX
Determine state bounds: 6362 TX
Determine state bounds: 6371 TX
Determine state bounds: 6377 TX
Determine state bounds: 6381 TX
Determine state bounds: 6391 TX
Determine state bounds: 6393 TX
Determine state bounds: 6394 TX
Determine state bounds: 6397 TX
Determine state bounds: 6429 TX
Determine state bounds: 6430 TX
Determine state bounds: 6436 TX
Determine state bounds: 6443 TX
Determine state bounds: 6444 TX
Determine state bounds: 6472 TX
Determine state bounds: 6474 TX
Determine state bounds: 6475 TX
Determine state bounds: 6478 TX
Determine state bounds: 6480 TX
Determine state bounds: 6481 TX
Determine state bounds: 6498 TX
Determine state bounds: 6505 TX
Determine state bounds: 6506 TX
Determine state bounds: 6507 TX
Determine state bounds: 6508 TX
Determine state bounds: 6543 TX
Determine state bounds: 6611 TX
Determine state bounds: 6615 TX
Determine state bounds: 6616 TX
Determine state bounds: 6622 TX
Determine state bounds: 6630 TX
Determine state bounds: 6632 TX
Determine state bounds: 6671 TX
Determine state bounds: 6672 TX
Determine state bounds: 6713 TX
Determine state bounds: 6741 TX
Determine state bounds: 6742 TX
Determine state bounds: 6743 TX
Determine state bounds: 6744 TX
Determine state bounds: 6745 TX
Determine state bounds: 6746 TX
Determine state bounds: 6747 TX
Determine state bounds: 6748 TX
Determine state bounds: 6749 TX
Determine state bounds: 6750 TX
Determine state bounds: 6751 TX
Determine state bounds: 6752 TX
Determine state bounds: 6753 TX
Determine state bounds: 6754 TX
Determine state bounds: 6755 TX
Determine state bounds: 6765 TX
Determine state bounds: 6777 TX
Determine state bounds: 6778 TX
Determine state bounds: 6779 TX
Determine state bounds: 6782 TX
Determine state bounds: 6783 TX
Determine state bounds: 6784 TX
Determine state bounds: 6785 TX
Determine state bounds: 6827 TX
Determine state bounds: 6828 TX
Determine state bounds: 6829 TX
Determine state bounds: 6832 TX
Determine state bounds: 6833 TX
Determine state bounds: 6834 TX
Determine state bounds: 6835 TX
Determine state bounds: 6836 TX
Determine state bounds: 6837 TX
Determine state bounds: 6838 TX
Determine state bounds: 6846 TX
Determine state bounds: 6847 TX
Determine state bounds: 6848 TX
Determine state bounds: 6851 TX
Determine state bounds: 6857 TX
Determine state bounds: 6858 TX
Determine state bounds: 6859 TX
Determine state bounds: 6886 TX
Determine state bounds: 6908 TX
Determine state bounds: 6940 TX
Determine state bounds: 6941 TX
Determine state bounds: 6942 TX
Determine state bounds: 6943 TX
Determine state bounds: 6977 TX
Determine state bounds: 6980 TX
Determine state bounds: 6981 TX
Determine state bounds: 7007 TX
Determine state bounds: 7063 TX
Determine state bounds: 7077 TX
Determine state bounds: 7078 TX
Determine state bounds: 7079 TX
Determine state bounds: 7080 TX
Determine state bounds: 7081 TX
Determine state bounds: 7082 TX
Determine state bounds: 7083 TX
Determine state bounds: 7084 TX
Determine state bounds: 7093 TX
Determine state bounds: 7096 TX
Determine state bounds: 7173 TX
Determine state bounds: 7174 TX
Determine state bounds: 7180 TX
Determine state bounds: 7181 TX
Determine state bounds: 7182 TX
Determine state bounds: 7186 TX
Determine state bounds: 7187 TX
Determine state bounds: 7188 TX
Determine state bounds: 7189 TX
Determine state bounds: 7190 TX
Determine state bounds: 7191 TX
Determine state bounds: 7192 TX
Determine state bounds: 7193 TX
Determine state bounds: 7198 TX
Determine state bounds: 7199 TX
Determine state bounds: 7202 TX
Determine state bounds: 7221 TX
Determine state bounds: 7253 TX
Determine state bounds: 7262 TX
Determine state bounds: 7263 TX
Determine state bounds: 7264 TX
Determine state bounds: 7265 TX
Determine state bounds: 7273 TX
Determine state bounds: 7285 TX
Determine state bounds: 7286 TX
Determine state bounds: 7288 TX
Determine state bounds: 7289 TX
Determine state bounds: 7290 TX
Determine state bounds: 7291 TX
Determine state bounds: 7292 TX
Determine state bounds: 7293 TX
Determine state bounds: 7294 TX
Determine state bounds: 7295 TX
Determine state bounds: 7296 TX
Determine state bounds: 7301 TX
Determine state bounds: 7302 TX
Determine state bounds: 7303 TX
Determine state bounds: 7304 TX
Determine state bounds: 7310 TX
Determine state bounds: 7313 TX
Determine state bounds: 7314 TX
Determine state bounds: 7315 TX
Determine state bounds: 7316 TX
Determine state bounds: 7317 TX
Determine state bounds: 7320 TX
Determine state bounds: 7323 TX
Determine state bounds: 7324 TX
Determine state bounds: 7325 TX
Determine state bounds: 7326 TX
Determine state bounds: 7327 TX
Determine state bounds: 7328 TX
Determine state bounds: 7329 TX
Determine state bounds: 7330 TX
Determine state bounds: 7331 TX
Determine state bounds: 7332 TX
Determine state bounds: 7333 TX
Determine state bounds: 7339 TX
Determine state bounds: 7351 TX
Determine state bounds: 7390 TX
Determine state bounds: 7403 TX
Determine state bounds: 7404 TX
Determine state bounds: 7407 TX
Determine state bounds: 7408 TX
Determine state bounds: 7429 TX
Determine state bounds: 7440 TX
Determine state bounds: 7441 TX
Determine state bounds: 7459 TX
Determine state bounds: 7460 TX
Determine state bounds: 7465 TX
Determine state bounds: 7507 TX
Determine state bounds: 7541 TX
Determine state bounds: 7555 TX
Determine state bounds: 7556 TX
Determine state bounds: 7557 TX
Determine state bounds: 7604 TX
Determine state bounds: 7615 TX
Determine state bounds: 7616 TX
Determine state bounds: 7628 TX
Determine state bounds: 7629 TX
Determine state bounds: 7630 TX
Determine state bounds: 7664 TX
Determine state bounds: 7665 TX
Determine state bounds: 7714 TX
Determine state bounds: 7715 TX
Determine state bounds: 7723 TX
Determine state bounds: 7724 TX
Determine state bounds: 7726 TX
Determine state bounds: 7727 TX
Determine state bounds: 7728 TX
Determine state bounds: 7787 TX
Determine state bounds: 7852 TX
Determine state bounds: 7853 TX
Determine state bounds: 7854 TX
Determine state bounds: 7855 TX
Determine state bounds: 7896 TX
Determine state bounds: 7902 TX
Determine state bounds: 7903 TX
Determine state bounds: 7911 TX
Determine state bounds: 7912 TX
Determine state bounds: 7913 TX
Determine state bounds: 7915 TX
Determine state bounds: 7916 TX
Determine state bounds: 7918 TX
Determine state bounds: 7919 TX
Determine state bounds: 7920 TX
Determine state bounds: 7921 TX
Determine state bounds: 7922 TX
Determine state bounds: 7923 TX
Determine state bounds: 7924 TX
Determine state bounds: 7926 TX
Determine state bounds: 7927 TX
Determine state bounds: 7928 TX
Determine state bounds: 7930 TX
Determine state bounds: 7936 TX
Determine state bounds: 7942 TX
Determine state bounds: 7943 TX
Determine state bounds: 7944 TX
Determine state bounds: 7961 TX
Determine state bounds: 8009 TX
Determine state bounds: 8011 TX
Determine state bounds: 8012 TX
Determine state bounds: 8014 TX
Determine state bounds: 8016 TX
Determine state bounds: 8017 TX
Determine state bounds: 8018 TX
Determine state bounds: 8019 TX
Determine state bounds: 8020 TX
Determine state bounds: 8024 TX
Determine state bounds: 8027 TX
Determine state bounds: 8028 TX
Determine state bounds: 8034 TX
Determine state bounds: 8080 TX
Determine state bounds: 8097 TX
Determine state bounds: 8098 TX
Determine state bounds: 8099 TX
Determine state bounds: 8100 TX
{'min_lat': 25.94113, 'max_lat': 34.913, 'min_lon': -106.4275, 'max_lon': -93.29814}
127.0.0.1 - - [23/Sep/2024 11:35:00] "POST /web/state-search HTTP/1.1" 302 -
127.0.0.1 - - [23/Sep/2024 11:35:00] "GET /web/state-search HTTP/1.1" 200 -
State: NC
Determine state bounds: 10 NC
Determine state bounds: 29 NC
Determine state bounds: 91 NC
Determine state bounds: 95 NC
Determine state bounds: 96 NC
Determine state bounds: 149 NC
Determine state bounds: 155 NC
Determine state bounds: 156 NC
Determine state bounds: 157 NC
Determine state bounds: 167 NC
Determine state bounds: 188 NC
Determine state bounds: 191 NC
Determine state bounds: 192 NC
Determine state bounds: 193 NC
Determine state bounds: 194 NC
Determine state bounds: 195 NC
Determine state bounds: 411 NC
Determine state bounds: 470 NC
Determine state bounds: 513 NC
Determine state bounds: 514 NC
Determine state bounds: 528 NC
Determine state bounds: 540 NC
Determine state bounds: 541 NC
Determine state bounds: 542 NC
Determine state bounds: 543 NC
Determine state bounds: 544 NC
Determine state bounds: 545 NC
Determine state bounds: 546 NC
Determine state bounds: 547 NC
Determine state bounds: 549 NC
Determine state bounds: 551 NC
Determine state bounds: 552 NC
Determine state bounds: 553 NC
Determine state bounds: 554 NC
Determine state bounds: 555 NC
Determine state bounds: 556 NC
Determine state bounds: 557 NC
Determine state bounds: 558 NC
Determine state bounds: 559 NC
Determine state bounds: 560 NC
Determine state bounds: 561 NC
Determine state bounds: 562 NC
Determine state bounds: 563 NC
Determine state bounds: 564 NC
Determine state bounds: 565 NC
Determine state bounds: 566 NC
Determine state bounds: 567 NC
Determine state bounds: 568 NC
Determine state bounds: 569 NC
Determine state bounds: 570 NC
Determine state bounds: 641 NC
Determine state bounds: 657 NC
Determine state bounds: 662 NC
Determine state bounds: 666 NC
Determine state bounds: 667 NC
Determine state bounds: 668 NC
Determine state bounds: 669 NC
Determine state bounds: 670 NC
Determine state bounds: 693 NC
Determine state bounds: 697 NC
Determine state bounds: 698 NC
Determine state bounds: 703 NC
Determine state bounds: 753 NC
Determine state bounds: 762 NC
Determine state bounds: 796 NC
Determine state bounds: 806 NC
Determine state bounds: 807 NC
Determine state bounds: 808 NC
Determine state bounds: 809 NC
Determine state bounds: 810 NC
Determine state bounds: 811 NC
Determine state bounds: 812 NC
Determine state bounds: 821 NC
Determine state bounds: 835 NC
Determine state bounds: 836 NC
Determine state bounds: 837 NC
Determine state bounds: 838 NC
Determine state bounds: 839 NC
Determine state bounds: 840 NC
Determine state bounds: 841 NC
Determine state bounds: 842 NC
Determine state bounds: 843 NC
Determine state bounds: 844 NC
Determine state bounds: 845 NC
Determine state bounds: 846 NC
Determine state bounds: 847 NC
Determine state bounds: 865 NC
Determine state bounds: 873 NC
Determine state bounds: 874 NC
Determine state bounds: 881 NC
Determine state bounds: 882 NC
Determine state bounds: 883 NC
Determine state bounds: 884 NC
Determine state bounds: 885 NC
Determine state bounds: 886 NC
Determine state bounds: 887 NC
Determine state bounds: 888 NC
Determine state bounds: 892 NC
Determine state bounds: 893 NC
Determine state bounds: 898 NC
Determine state bounds: 899 NC
Determine state bounds: 900 NC
Determine state bounds: 901 NC
Determine state bounds: 902 NC
Determine state bounds: 903 NC
Determine state bounds: 904 NC
Determine state bounds: 905 NC
Determine state bounds: 906 NC
Determine state bounds: 907 NC
Determine state bounds: 908 NC
Determine state bounds: 909 NC
Determine state bounds: 910 NC
Determine state bounds: 911 NC
Determine state bounds: 912 NC
Determine state bounds: 913 NC
Determine state bounds: 914 NC
Determine state bounds: 915 NC
Determine state bounds: 916 NC
Determine state bounds: 917 NC
Determine state bounds: 919 NC
Determine state bounds: 922 NC
Determine state bounds: 923 NC
Determine state bounds: 956 NC
Determine state bounds: 959 NC
Determine state bounds: 962 NC
Determine state bounds: 963 NC
Determine state bounds: 964 NC
Determine state bounds: 987 NC
Determine state bounds: 998 NC
Determine state bounds: 999 NC
Determine state bounds: 1000 NC
Determine state bounds: 1005 NC
Determine state bounds: 1006 NC
Determine state bounds: 1007 NC
Determine state bounds: 1031 NC
Determine state bounds: 1032 NC
Determine state bounds: 1033 NC
Determine state bounds: 1034 NC
Determine state bounds: 1035 NC
Determine state bounds: 1036 NC
Determine state bounds: 1037 NC
Determine state bounds: 1039 NC
Determine state bounds: 1040 NC
Determine state bounds: 1041 NC
Determine state bounds: 1042 NC
Determine state bounds: 1043 NC
Determine state bounds: 1044 NC
Determine state bounds: 1046 NC
Determine state bounds: 1047 NC
Determine state bounds: 1050 NC
Determine state bounds: 1051 NC
Determine state bounds: 1052 NC
Determine state bounds: 1053 NC
Determine state bounds: 1054 NC
Determine state bounds: 1068 NC
Determine state bounds: 1069 NC
Determine state bounds: 1070 NC
Determine state bounds: 1073 NC
Determine state bounds: 1074 NC
Determine state bounds: 1075 NC
Determine state bounds: 1076 NC
Determine state bounds: 1077 NC
Determine state bounds: 1078 NC
Determine state bounds: 1079 NC
Determine state bounds: 1080 NC
Determine state bounds: 1081 NC
Determine state bounds: 1082 NC
Determine state bounds: 1087 NC
Determine state bounds: 1088 NC
Determine state bounds: 1090 NC
Determine state bounds: 1091 NC
Determine state bounds: 1092 NC
Determine state bounds: 1093 NC
Determine state bounds: 1094 NC
Determine state bounds: 1104 NC
Determine state bounds: 1105 NC
Determine state bounds: 1106 NC
Determine state bounds: 1107 NC
Determine state bounds: 1117 NC
Determine state bounds: 1118 NC
Determine state bounds: 1160 NC
Determine state bounds: 1162 NC
Determine state bounds: 1178 NC
Determine state bounds: 1179 NC
Determine state bounds: 1180 NC
Determine state bounds: 1194 NC
Determine state bounds: 1208 NC
Determine state bounds: 1209 NC
Determine state bounds: 1210 NC
Determine state bounds: 1226 NC
Determine state bounds: 1239 NC
Determine state bounds: 1250 NC
Determine state bounds: 1251 NC
Determine state bounds: 1252 NC
Determine state bounds: 1255 NC
Determine state bounds: 1256 NC
Determine state bounds: 1257 NC
Determine state bounds: 1258 NC
Determine state bounds: 1259 NC
Determine state bounds: 1260 NC
Determine state bounds: 1261 NC
Determine state bounds: 1262 NC
Determine state bounds: 1263 NC
Determine state bounds: 1264 NC
Determine state bounds: 1265 NC
Determine state bounds: 1266 NC
Determine state bounds: 1267 NC
Determine state bounds: 1268 NC
Determine state bounds: 1269 NC
Determine state bounds: 1270 NC
Determine state bounds: 1271 NC
Determine state bounds: 1272 NC
Determine state bounds: 1273 NC
Determine state bounds: 1274 NC
Determine state bounds: 1275 NC
Determine state bounds: 1276 NC
Determine state bounds: 1277 NC
Determine state bounds: 1278 NC
Determine state bounds: 1279 NC
Determine state bounds: 1284 NC
Determine state bounds: 1285 NC
Determine state bounds: 1287 NC
Determine state bounds: 1290 NC
Determine state bounds: 1291 NC
Determine state bounds: 1298 NC
Determine state bounds: 1303 NC
Determine state bounds: 1304 NC
Determine state bounds: 1306 NC
Determine state bounds: 1307 NC
Determine state bounds: 1308 NC
Determine state bounds: 1309 NC
Determine state bounds: 1314 NC
Determine state bounds: 1315 NC
Determine state bounds: 1316 NC
Determine state bounds: 1317 NC
Determine state bounds: 1318 NC
Determine state bounds: 1319 NC
Determine state bounds: 1320 NC
Determine state bounds: 1322 NC
Determine state bounds: 1325 NC
Determine state bounds: 1326 NC
Determine state bounds: 1327 NC
Determine state bounds: 1328 NC
Determine state bounds: 1329 NC
Determine state bounds: 1330 NC
Determine state bounds: 1331 NC
Determine state bounds: 1332 NC
Determine state bounds: 1333 NC
Determine state bounds: 1334 NC
Determine state bounds: 1335 NC
Determine state bounds: 1336 NC
Determine state bounds: 1337 NC
Determine state bounds: 1338 NC
Determine state bounds: 1339 NC
Determine state bounds: 1346 NC
Determine state bounds: 1347 NC
Determine state bounds: 1348 NC
Determine state bounds: 1349 NC
Determine state bounds: 1370 NC
Determine state bounds: 1371 NC
Determine state bounds: 1372 NC
Determine state bounds: 1373 NC
Determine state bounds: 1374 NC
Determine state bounds: 1375 NC
Determine state bounds: 1380 NC
Determine state bounds: 1381 NC
Determine state bounds: 1382 NC
Determine state bounds: 1383 NC
Determine state bounds: 1384 NC
Determine state bounds: 1385 NC
Determine state bounds: 1386 NC
Determine state bounds: 1387 NC
Determine state bounds: 1388 NC
Determine state bounds: 1389 NC
Determine state bounds: 1390 NC
Determine state bounds: 1398 NC
Determine state bounds: 1403 NC
Determine state bounds: 1404 NC
Determine state bounds: 1433 NC
Determine state bounds: 1434 NC
Determine state bounds: 1435 NC
Determine state bounds: 1445 NC
Determine state bounds: 1454 NC
Determine state bounds: 1455 NC
Determine state bounds: 1464 NC
Determine state bounds: 1470 NC
Determine state bounds: 1471 NC
Determine state bounds: 1474 NC
Determine state bounds: 1475 NC
Determine state bounds: 1476 NC
Determine state bounds: 1477 NC
Determine state bounds: 1478 NC
Determine state bounds: 1480 NC
Determine state bounds: 1495 NC
Determine state bounds: 1496 NC
Determine state bounds: 1518 NC
Determine state bounds: 1523 NC
Determine state bounds: 1524 NC
Determine state bounds: 1526 NC
Determine state bounds: 1529 NC
Determine state bounds: 1532 NC
Determine state bounds: 1533 NC
Determine state bounds: 1536 NC
Determine state bounds: 1538 NC
Determine state bounds: 1541 NC
Determine state bounds: 1542 NC
Determine state bounds: 1543 NC
Determine state bounds: 1545 NC
Determine state bounds: 1546 NC
Determine state bounds: 1547 NC
Determine state bounds: 1557 NC
Determine state bounds: 1563 NC
Determine state bounds: 1564 NC
Determine state bounds: 1566 NC
Determine state bounds: 1567 NC
Determine state bounds: 1575 NC
Determine state bounds: 1596 NC
Determine state bounds: 1597 NC
Determine state bounds: 1598 NC
Determine state bounds: 1599 NC
Determine state bounds: 1600 NC
Determine state bounds: 1601 NC
Determine state bounds: 1617 NC
Determine state bounds: 1625 NC
Determine state bounds: 1638 NC
Determine state bounds: 1639 NC
Determine state bounds: 1640 NC
Determine state bounds: 1641 NC
Determine state bounds: 1642 NC
Determine state bounds: 1644 NC
Determine state bounds: 1660 NC
Determine state bounds: 1695 NC
Determine state bounds: 1696 NC
Determine state bounds: 1697 NC
Determine state bounds: 1698 NC
Determine state bounds: 1699 NC
Determine state bounds: 1709 NC
Determine state bounds: 1715 NC
Determine state bounds: 1716 NC
Determine state bounds: 1717 NC
Determine state bounds: 1718 NC
Determine state bounds: 1719 NC
Determine state bounds: 1720 NC
Determine state bounds: 1722 NC
Determine state bounds: 1723 NC
Determine state bounds: 1724 NC
Determine state bounds: 1725 NC
Determine state bounds: 1730 NC
Determine state bounds: 1731 NC
Determine state bounds: 1732 NC
Determine state bounds: 1733 NC
Determine state bounds: 1734 NC
Determine state bounds: 1735 NC
Determine state bounds: 1736 NC
Determine state bounds: 1737 NC
Determine state bounds: 1738 NC
Determine state bounds: 1744 NC
Determine state bounds: 1745 NC
Determine state bounds: 1747 NC
Determine state bounds: 1753 NC
Determine state bounds: 1754 NC
Determine state bounds: 1756 NC
Determine state bounds: 1757 NC
Determine state bounds: 1758 NC
Determine state bounds: 1775 NC
Determine state bounds: 1785 NC
Determine state bounds: 1799 NC
Determine state bounds: 1801 NC
Determine state bounds: 1802 NC
Determine state bounds: 1803 NC
Determine state bounds: 1804 NC
Determine state bounds: 1806 NC
Determine state bounds: 1808 NC
Determine state bounds: 1819 NC
Determine state bounds: 1820 NC
Determine state bounds: 1847 NC
Determine state bounds: 1848 NC
Determine state bounds: 1849 NC
Determine state bounds: 1850 NC
Determine state bounds: 1852 NC
Determine state bounds: 1853 NC
Determine state bounds: 1854 NC
Determine state bounds: 1859 NC
Determine state bounds: 1861 NC
Determine state bounds: 1862 NC
Determine state bounds: 1867 NC
Determine state bounds: 1868 NC
Determine state bounds: 1869 NC
Determine state bounds: 1870 NC
Determine state bounds: 1871 NC
Determine state bounds: 1872 NC
Determine state bounds: 1873 NC
Determine state bounds: 1874 NC
Determine state bounds: 1875 NC
Determine state bounds: 1876 NC
Determine state bounds: 1877 NC
Determine state bounds: 1880 NC
Determine state bounds: 1881 NC
Determine state bounds: 1886 NC
Determine state bounds: 1887 NC
Determine state bounds: 1888 NC
Determine state bounds: 1889 NC
Determine state bounds: 1896 NC
Determine state bounds: 1899 NC
Determine state bounds: 1903 NC
Determine state bounds: 1904 NC
Determine state bounds: 1905 NC
Determine state bounds: 1936 NC
Determine state bounds: 1938 NC
Determine state bounds: 1940 NC
Determine state bounds: 1958 NC
Determine state bounds: 1985 NC
Determine state bounds: 1986 NC
Determine state bounds: 1987 NC
Determine state bounds: 1994 NC
Determine state bounds: 1996 NC
Determine state bounds: 2011 NC
Determine state bounds: 2012 NC
Determine state bounds: 2013 NC
Determine state bounds: 2014 NC
Determine state bounds: 2015 NC
Determine state bounds: 2016 NC
Determine state bounds: 2025 NC
Determine state bounds: 2026 NC
Determine state bounds: 2027 NC
Determine state bounds: 2028 NC
Determine state bounds: 2029 NC
Determine state bounds: 2030 NC
Determine state bounds: 2037 NC
Determine state bounds: 2045 NC
Determine state bounds: 2046 NC
Determine state bounds: 2048 NC
Determine state bounds: 2049 NC
Determine state bounds: 2052 NC
Determine state bounds: 2053 NC
Determine state bounds: 2054 NC
Determine state bounds: 2055 NC
Determine state bounds: 2056 NC
Determine state bounds: 2057 NC
Determine state bounds: 2062 NC
Determine state bounds: 2095 NC
Determine state bounds: 2096 NC
Determine state bounds: 2184 NC
Determine state bounds: 2198 NC
Determine state bounds: 2199 NC
Determine state bounds: 2200 NC
Determine state bounds: 2201 NC
Determine state bounds: 2202 NC
Determine state bounds: 2205 NC
Determine state bounds: 2215 NC
Determine state bounds: 2217 NC
Determine state bounds: 2259 NC
Determine state bounds: 2282 NC
Determine state bounds: 2283 NC
Determine state bounds: 2308 NC
Determine state bounds: 2309 NC
Determine state bounds: 2310 NC
Determine state bounds: 2313 NC
Determine state bounds: 2343 NC
Determine state bounds: 2356 NC
Determine state bounds: 2362 NC
Determine state bounds: 2374 NC
Determine state bounds: 2376 NC
Determine state bounds: 2382 NC
Determine state bounds: 2388 NC
Determine state bounds: 2389 NC
Determine state bounds: 2396 NC
Determine state bounds: 2402 NC
Determine state bounds: 2410 NC
Determine state bounds: 2433 NC
Determine state bounds: 2434 NC
Determine state bounds: 2435 NC
Determine state bounds: 2436 NC
Determine state bounds: 2437 NC
Determine state bounds: 2438 NC
Determine state bounds: 2439 NC
Determine state bounds: 2441 NC
Determine state bounds: 2442 NC
Determine state bounds: 2443 NC
Determine state bounds: 2444 NC
Determine state bounds: 2462 NC
Determine state bounds: 2463 NC
Determine state bounds: 2464 NC
Determine state bounds: 2465 NC
Determine state bounds: 2466 NC
Determine state bounds: 2481 NC
Determine state bounds: 2482 NC
Determine state bounds: 2483 NC
Determine state bounds: 2535 NC
Determine state bounds: 2538 NC
Determine state bounds: 2539 NC
Determine state bounds: 2540 NC
Determine state bounds: 2557 NC
Determine state bounds: 2558 NC
Determine state bounds: 2559 NC
Determine state bounds: 2570 NC
Determine state bounds: 2571 NC
Determine state bounds: 2572 NC
Determine state bounds: 2573 NC
Determine state bounds: 2574 NC
Determine state bounds: 2575 NC
Determine state bounds: 2581 NC
Determine state bounds: 2583 NC
Determine state bounds: 2584 NC
Determine state bounds: 2585 NC
Determine state bounds: 2586 NC
Determine state bounds: 2587 NC
Determine state bounds: 2588 NC
Determine state bounds: 2589 NC
Determine state bounds: 2591 NC
Determine state bounds: 2592 NC
Determine state bounds: 2593 NC
Determine state bounds: 2594 NC
Determine state bounds: 2598 NC
Determine state bounds: 2645 NC
Determine state bounds: 2649 NC
Determine state bounds: 2650 NC
Determine state bounds: 2705 NC
Determine state bounds: 2706 NC
Determine state bounds: 2707 NC
Determine state bounds: 2827 NC
Determine state bounds: 2834 NC
Determine state bounds: 2839 NC
Determine state bounds: 2841 NC
Determine state bounds: 2842 NC
Determine state bounds: 2846 NC
Determine state bounds: 2847 NC
Determine state bounds: 2848 NC
Determine state bounds: 2849 NC
Determine state bounds: 2873 NC
Determine state bounds: 2888 NC
Determine state bounds: 2916 NC
Determine state bounds: 2951 NC
Determine state bounds: 2974 NC
Determine state bounds: 3042 NC
Determine state bounds: 3043 NC
Determine state bounds: 3064 NC
Determine state bounds: 3086 NC
Determine state bounds: 3109 NC
Determine state bounds: 3112 NC
Determine state bounds: 3113 NC
Determine state bounds: 3114 NC
Determine state bounds: 3202 NC
Determine state bounds: 3230 NC
Determine state bounds: 3259 NC
Determine state bounds: 3287 NC
Determine state bounds: 3292 NC
Determine state bounds: 3293 NC
Determine state bounds: 3297 NC
Determine state bounds: 3298 NC
Determine state bounds: 3299 NC
Determine state bounds: 3300 NC
Determine state bounds: 3305 NC
Determine state bounds: 3306 NC
Determine state bounds: 3307 NC
Determine state bounds: 3308 NC
Determine state bounds: 3309 NC
Determine state bounds: 3310 NC
Determine state bounds: 3311 NC
Determine state bounds: 3312 NC
Determine state bounds: 3313 NC
Determine state bounds: 3314 NC
Determine state bounds: 3315 NC
Determine state bounds: 3317 NC
Determine state bounds: 3343 NC
Determine state bounds: 3344 NC
Determine state bounds: 3374 NC
Determine state bounds: 3375 NC
Determine state bounds: 3393 NC
Determine state bounds: 3406 NC
Determine state bounds: 3445 NC
Determine state bounds: 3452 NC
Determine state bounds: 3461 NC
Determine state bounds: 3462 NC
Determine state bounds: 3463 NC
Determine state bounds: 3472 NC
Determine state bounds: 3559 NC
Determine state bounds: 3599 NC
Determine state bounds: 3600 NC
Determine state bounds: 3605 NC
Determine state bounds: 3638 NC
Determine state bounds: 3639 NC
Determine state bounds: 3640 NC
Determine state bounds: 3643 NC
Determine state bounds: 3644 NC
Determine state bounds: 3645 NC
Determine state bounds: 3646 NC
Determine state bounds: 3659 NC
Determine state bounds: 3660 NC
Determine state bounds: 3661 NC
Determine state bounds: 3683 NC
Determine state bounds: 3684 NC
Determine state bounds: 3685 NC
Determine state bounds: 3686 NC
Determine state bounds: 3691 NC
Determine state bounds: 3692 NC
Determine state bounds: 3699 NC
Determine state bounds: 3715 NC
Determine state bounds: 3716 NC
Determine state bounds: 3717 NC
Determine state bounds: 3785 NC
Determine state bounds: 3794 NC
Determine state bounds: 3807 NC
Determine state bounds: 3808 NC
Determine state bounds: 3809 NC
Determine state bounds: 3901 NC
Determine state bounds: 3954 NC
Determine state bounds: 3955 NC
Determine state bounds: 3971 NC
Determine state bounds: 3972 NC
Determine state bounds: 3973 NC
Determine state bounds: 3978 NC
Determine state bounds: 4015 NC
Determine state bounds: 4024 NC
Determine state bounds: 4097 NC
Determine state bounds: 4150 NC
Determine state bounds: 4180 NC
Determine state bounds: 4181 NC
Determine state bounds: 4182 NC
Determine state bounds: 4184 NC
Determine state bounds: 4198 NC
Determine state bounds: 4201 NC
Determine state bounds: 4204 NC
Determine state bounds: 4234 NC
Determine state bounds: 4249 NC
Determine state bounds: 4250 NC
Determine state bounds: 4280 NC
Determine state bounds: 4284 NC
Determine state bounds: 4285 NC
Determine state bounds: 4338 NC
Determine state bounds: 4339 NC
Determine state bounds: 4340 NC
Determine state bounds: 4341 NC
Determine state bounds: 4342 NC
Determine state bounds: 4343 NC
Determine state bounds: 4443 NC
Determine state bounds: 4444 NC
Determine state bounds: 4518 NC
Determine state bounds: 4519 NC
Determine state bounds: 4521 NC
Determine state bounds: 4551 NC
Determine state bounds: 4552 NC
Determine state bounds: 4553 NC
Determine state bounds: 4601 NC
Determine state bounds: 4602 NC
Determine state bounds: 4619 NC
Determine state bounds: 4620 NC
Determine state bounds: 4623 NC
Determine state bounds: 4624 NC
Determine state bounds: 4636 NC
Determine state bounds: 4641 NC
Determine state bounds: 4642 NC
Determine state bounds: 4643 NC
Determine state bounds: 4649 NC
Determine state bounds: 4756 NC
Determine state bounds: 4757 NC
Determine state bounds: 4758 NC
Determine state bounds: 4760 NC
Determine state bounds: 4780 NC
Determine state bounds: 4808 NC
Determine state bounds: 4820 NC
Determine state bounds: 4821 NC
Determine state bounds: 4887 NC
Determine state bounds: 4888 NC
Determine state bounds: 4889 NC
Determine state bounds: 4891 NC
Determine state bounds: 4911 NC
Determine state bounds: 4931 NC
Determine state bounds: 4932 NC
Determine state bounds: 4933 NC
Determine state bounds: 4935 NC
Determine state bounds: 4936 NC
Determine state bounds: 4937 NC
Determine state bounds: 4938 NC
Determine state bounds: 4952 NC
Determine state bounds: 4953 NC
Determine state bounds: 5000 NC
Determine state bounds: 5001 NC
Determine state bounds: 5033 NC
Determine state bounds: 5035 NC
Determine state bounds: 5070 NC
Determine state bounds: 5107 NC
Determine state bounds: 5110 NC
Determine state bounds: 5111 NC
Determine state bounds: 5124 NC
Determine state bounds: 5185 NC
Determine state bounds: 5186 NC
Determine state bounds: 5210 NC
Determine state bounds: 5211 NC
Determine state bounds: 5212 NC
Determine state bounds: 5237 NC
Determine state bounds: 5238 NC
Determine state bounds: 5239 NC
Determine state bounds: 5240 NC
Determine state bounds: 5241 NC
Determine state bounds: 5242 NC
Determine state bounds: 5243 NC
Determine state bounds: 5244 NC
Determine state bounds: 5245 NC
Determine state bounds: 5246 NC
Determine state bounds: 5250 NC
Determine state bounds: 5251 NC
Determine state bounds: 5253 NC
Determine state bounds: 5254 NC
Determine state bounds: 5259 NC
Determine state bounds: 5268 NC
Determine state bounds: 5345 NC
Determine state bounds: 5362 NC
Determine state bounds: 5363 NC
Determine state bounds: 5391 NC
Determine state bounds: 5394 NC
Determine state bounds: 5395 NC
Determine state bounds: 5400 NC
Determine state bounds: 5415 NC
Determine state bounds: 5499 NC
Determine state bounds: 5501 NC
Determine state bounds: 5525 NC
Determine state bounds: 5567 NC
Determine state bounds: 5577 NC
Determine state bounds: 5741 NC
Determine state bounds: 5742 NC
Determine state bounds: 5744 NC
Determine state bounds: 5745 NC
Determine state bounds: 5835 NC
Determine state bounds: 5836 NC
Determine state bounds: 5839 NC
Determine state bounds: 5840 NC
Determine state bounds: 5841 NC
Determine state bounds: 5842 NC
Determine state bounds: 5843 NC
Determine state bounds: 5844 NC
Determine state bounds: 5845 NC
Determine state bounds: 5846 NC
Determine state bounds: 5980 NC
Determine state bounds: 6028 NC
Determine state bounds: 6053 NC
Determine state bounds: 6054 NC
Determine state bounds: 6055 NC
Determine state bounds: 6056 NC
Determine state bounds: 6078 NC
Determine state bounds: 6079 NC
Determine state bounds: 6080 NC
Determine state bounds: 6081 NC
Determine state bounds: 6082 NC
Determine state bounds: 6083 NC
Determine state bounds: 6084 NC
Determine state bounds: 6085 NC
Determine state bounds: 6086 NC
Determine state bounds: 6087 NC
Determine state bounds: 6095 NC
Determine state bounds: 6102 NC
Determine state bounds: 6103 NC
Determine state bounds: 6312 NC
Determine state bounds: 6314 NC
Determine state bounds: 6548 NC
Determine state bounds: 6697 NC
Determine state bounds: 6787 NC
Determine state bounds: 6792 NC
Determine state bounds: 6796 NC
Determine state bounds: 6799 NC
Determine state bounds: 6802 NC
Determine state bounds: 6810 NC
Determine state bounds: 6811 NC
Determine state bounds: 6812 NC
Determine state bounds: 6813 NC
Determine state bounds: 6814 NC
Determine state bounds: 6815 NC
Determine state bounds: 6816 NC
Determine state bounds: 6820 NC
Determine state bounds: 6821 NC
Determine state bounds: 6823 NC
Determine state bounds: 6881 NC
Determine state bounds: 6902 NC
Determine state bounds: 6998 NC
Determine state bounds: 7000 NC
Determine state bounds: 7091 NC
Determine state bounds: 7098 NC
Determine state bounds: 7099 NC
Determine state bounds: 7100 NC
Determine state bounds: 7107 NC
Determine state bounds: 7108 NC
Determine state bounds: 7109 NC
Determine state bounds: 7110 NC
Determine state bounds: 7111 NC
Determine state bounds: 7112 NC
Determine state bounds: 7113 NC
Determine state bounds: 7114 NC
Determine state bounds: 7375 NC
Determine state bounds: 7377 NC
Determine state bounds: 7378 NC
Determine state bounds: 7411 NC
Determine state bounds: 7418 NC
Determine state bounds: 7419 NC
Determine state bounds: 7423 NC
Determine state bounds: 7424 NC
Determine state bounds: 7425 NC
Determine state bounds: 7426 NC
Determine state bounds: 7427 NC
Determine state bounds: 7435 NC
Determine state bounds: 7542 NC
Determine state bounds: 7554 NC
Determine state bounds: 7576 NC
Determine state bounds: 8023 NC
Determine state bounds: 8025 NC
127.0.0.1 - - [23/Sep/2024 11:37:41] "POST /web/state-search HTTP/1.1" 302 -
{'min_lat': 33.993923, 'max_lat': 36.533, 'min_lon': -82.89032, 'max_lon': -75.88083}
127.0.0.1 - - [23/Sep/2024 11:37:41] "GET /web/state-search HTTP/1.1" 200 -
 * Detected change in "F:\\Python Projects\\Steve's Solar Panel Project\\webviews.py", reloading
 * Restarting with stat
 * Debugger is active!
 * Debugger PIN: 105-448-901
 * Detected change in "F:\\Python Projects\\Steve's Solar Panel Project\\webviews.py", reloading
 * Restarting with stat
 * Debugger is active!
 * Debugger PIN: 105-448-901
 * Detected change in "F:\\Python Projects\\Steve's Solar Panel Project\\webviews.py", reloading
 * Restarting with stat
 * Debugger is active!
 * Debugger PIN: 105-448-901
 * Detected change in "F:\\Python Projects\\Steve's Solar Panel Project\\webviews.py", reloading
 * Restarting with stat
 * Debugger is active!
 * Debugger PIN: 105-448-901
 * Detected change in "F:\\Python Projects\\Steve's Solar Panel Project\\webviews.py", reloading
 * Restarting with stat
 * Debugger is active!
 * Debugger PIN: 105-448-901
 * Detected change in "F:\\Python Projects\\Steve's Solar Panel Project\\webviews.py", reloading
 * Restarting with stat
 * Debugger is active!
 * Debugger PIN: 105-448-901
 * Detected change in "F:\\Python Projects\\Steve's Solar Panel Project\\webviews.py", reloading
 * Restarting with stat
 * Debugger is active!
 * Debugger PIN: 105-448-901
 * Detected change in "F:\\Python Projects\\Steve's Solar Panel Project\\webviews.py", reloading
 * Restarting with stat
 * Debugger is active!
 * Debugger PIN: 105-448-901
 * Detected change in "F:\\Python Projects\\Steve's Solar Panel Project\\forms.py", reloading
 * Restarting with stat
 * Debugger is active!
 * Debugger PIN: 105-448-901
